<?xml version="1.0" encoding="UTF-8"?>
<!-- Generated by org.testng.reporters.JUnitReportReporter -->
<testsuite skipped="0" hostname="DESKTOP-LR7I5H0" name="seneriosPackage.Access_Product_via_Search" tests="1" failures="0" timestamp="2023-03-12T00:08:11 IST" time="11.291" errors="0">
  <testcase name="test" time="11.291" classname="seneriosPackage.Access_Product_via_Search"/>
  <system-out>
    <![CDATA[Completely page is loaded
first result name matches with the search string]]>
  </system-out>
</testsuite> <!-- seneriosPackage.Access_Product_via_Search -->
