<?xml version="1.0" encoding="UTF-8"?>
<!-- Generated by org.testng.reporters.JUnitReportReporter -->
<testsuite skipped="0" hostname="DESKTOP-LR7I5H0" name="seneriosPackage.example" tests="1" failures="0" timestamp="2023-03-11T23:58:32 IST" time="7.547" errors="0">
  <testcase name="test" time="7.547" classname="seneriosPackage.example"/>
  <system-out/>
</testsuite> <!-- seneriosPackage.example -->
